0 info it worked if it ends with ok
1 verbose cli [ '/usr/local/bin/node', '/usr/local/bin/npm', 'publish', './' ]
2 info using npm@3.10.3
3 info using node@v6.7.0
4 verbose publish [ './' ]
5 silly cache add args [ './', null ]
6 verbose cache add spec ./
7 silly cache add parsed spec Result {
7 silly cache add   raw: './',
7 silly cache add   scope: null,
7 silly cache add   escapedName: null,
7 silly cache add   name: null,
7 silly cache add   rawSpec: './',
7 silly cache add   spec: '/Users/jessedegger/Documents/projects/browser-networking',
7 silly cache add   type: 'directory' }
8 verbose addLocalDirectory /Users/jessedegger/.npm/browser-networking/0.1.0/package.tgz not in flight; packing
9 verbose correctMkdir /Users/jessedegger/.npm correctMkdir not in flight; initializing
10 info lifecycle browser-networking@0.1.0~prepublish: browser-networking@0.1.0
11 silly lifecycle browser-networking@0.1.0~prepublish: no script for prepublish, continuing
12 verbose tar pack [ '/Users/jessedegger/.npm/browser-networking/0.1.0/package.tgz',
12 verbose tar pack   '/Users/jessedegger/Documents/projects/browser-networking' ]
13 verbose tarball /Users/jessedegger/.npm/browser-networking/0.1.0/package.tgz
14 verbose folder /Users/jessedegger/Documents/projects/browser-networking
15 verbose addLocalTarball adding from inside cache /Users/jessedegger/.npm/browser-networking/0.1.0/package.tgz
16 verbose correctMkdir /Users/jessedegger/.npm correctMkdir not in flight; initializing
17 silly cache afterAdd browser-networking@0.1.0
18 verbose afterAdd /Users/jessedegger/.npm/browser-networking/0.1.0/package/package.json not in flight; writing
19 verbose correctMkdir /Users/jessedegger/.npm correctMkdir not in flight; initializing
20 verbose afterAdd /Users/jessedegger/.npm/browser-networking/0.1.0/package/package.json written
21 silly publish { name: 'browser-networking',
21 silly publish   version: '0.1.0',
21 silly publish   description: 'View all browser networking requests for a certain url via PhantomJS',
21 silly publish   main: 'index.js',
21 silly publish   scripts: { test: './node_modules/mocha/bin/mocha ./test/*.spec.js --reporter spec' },
21 silly publish   dependencies: { phantom: '^2.1.2' },
21 silly publish   devDependencies: { mocha: '^3.1.2', 'mocha-jshint': '^2.3.1', should: '^11.1.1' },
21 silly publish   repository:
21 silly publish    { type: 'git',
21 silly publish      url: 'git+https://github.com/jdegger/browser-networking.git' },
21 silly publish   author: { name: 'jdegger' },
21 silly publish   license: 'MIT',
21 silly publish   readme: '# Install\nrun `npm install`\n\n# Test\n`npm test`\n\n# When to use this\nPlease note that executing the `browserNetworking.request` function is _insanely slow_ compared to normal HTTP networking (which is slow already). This package should *only be used if speed is not an issue*.\n\nExample implementations:\n- Check wether or not a certain website includes your banner or copyright image\n- Check if certain scripts make certain calls as expected (for testing maybe, but there are better ways to achieve that)\n\nIt is recommended to run the script from a queue or cronjob in seperate non-blocking calls. The process is CPU intensive. This is what happens:\n- The request function is called with an URL\n- PhantomJS is started. PhantomJS is a headless browser (no GUI).\n- We navigate to the given URL\n- We wait for the page to completely load and catch all called URLs\n- We return the result and close the workers in the background\n\n# API\nExposes a `request` function which takes one argument: the `url` of the request. The function returns a `Promise`. The promises resolves to an `Array` of urls or rejects to an error object.\n\n# Example\n```javascript\nbrowserNetworking.request(\'http://www.google.com\').then(urls => {\n\n        // urls is an array of resources requested by the browser\n\n    },\n    error => {\n\n        // handle error\n\n    });\n```\n\nThe result for Google (depending on your geolocation, the IP, etc) would look something like this:\n\n```\n[ \'http://www.google.com/\',\n  \'http://www.google.nl/?gfe_rd=cr&ei=gxQJWOlji9zwB_W1ssgI\',\n  \'http://ssl.gstatic.com/gb/images/b_8d5afc09.png\',\n  \'http://www.google.nl/images/branding/googlelogo/1x/googlelogo_white_background_color_272x92dp.png\',\n  \'http://www.google.nl/images/nav_logo229.png\',\n  \'http://www.google.nl/client_204?&atyp=i&biw=400&bih=300&ei=gxQJWKjUAonhaPyBsOAO\',\n  \'http://www.google.nl/xjs/_/js/k=xjs.hp.en_US.e4-85eyk8Bs.O/m=sb_he,d/rt=j/d=1/t=zcms/rs=ACT90oGwhtLZKDuRRfajPNxXQ_iRSPiqWw\',\n  \'http://clients1.google.nl/generate_204\' ]\n```',
21 silly publish   readmeFilename: 'readme.md',
21 silly publish   gitHead: 'ffbf9d56e4c1d4b9508a507fe17db83d0b97b120',
21 silly publish   bugs: { url: 'https://github.com/jdegger/browser-networking/issues' },
21 silly publish   homepage: 'https://github.com/jdegger/browser-networking#readme',
21 silly publish   _id: 'browser-networking@0.1.0',
21 silly publish   _shasum: '26b562f51e12c255538d354c2be5178a8341e238',
21 silly publish   _from: '.' }
22 verbose getPublishConfig undefined
23 silly mapToRegistry name browser-networking
24 silly mapToRegistry using default registry
25 silly mapToRegistry registry https://registry.npmjs.org/
26 silly mapToRegistry data Result {
26 silly mapToRegistry   raw: 'browser-networking',
26 silly mapToRegistry   scope: null,
26 silly mapToRegistry   escapedName: 'browser-networking',
26 silly mapToRegistry   name: 'browser-networking',
26 silly mapToRegistry   rawSpec: '',
26 silly mapToRegistry   spec: 'latest',
26 silly mapToRegistry   type: 'tag' }
27 silly mapToRegistry uri https://registry.npmjs.org/browser-networking
28 verbose publish registryBase https://registry.npmjs.org/
29 silly publish uploading /Users/jessedegger/.npm/browser-networking/0.1.0/package.tgz
30 verbose request uri https://registry.npmjs.org/browser-networking
31 verbose request sending authorization for write operation
32 info attempt registry request try #1 at 11:18:07
33 verbose request using bearer token for auth
34 verbose request id 7f36a095c8ed27a7
35 http request PUT https://registry.npmjs.org/browser-networking
36 http 403 https://registry.npmjs.org/browser-networking
37 verbose headers { 'content-type': 'application/json',
37 verbose headers   'cache-control': 'max-age=300',
37 verbose headers   'content-length': '95',
37 verbose headers   'accept-ranges': 'bytes',
37 verbose headers   date: 'Fri, 21 Oct 2016 09:18:08 GMT',
37 verbose headers   via: '1.1 varnish',
37 verbose headers   connection: 'keep-alive',
37 verbose headers   'x-served-by': 'cache-ams4446-AMS',
37 verbose headers   'x-cache': 'MISS',
37 verbose headers   'x-cache-hits': '0',
37 verbose headers   'x-timer': 'S1477041487.738414,VS0,VE1170',
37 verbose headers   vary: 'Accept-Encoding' }
38 verbose request invalidating /Users/jessedegger/.npm/registry.npmjs.org/browser-networking on PUT
39 error publish Failed PUT 403
40 verbose stack Error: "You cannot publish over the previously published version 0.1.0." : browser-networking
40 verbose stack     at makeError (/usr/local/lib/node_modules/npm/node_modules/npm-registry-client/lib/request.js:264:12)
40 verbose stack     at CachingRegistryClient.<anonymous> (/usr/local/lib/node_modules/npm/node_modules/npm-registry-client/lib/request.js:252:14)
40 verbose stack     at Request._callback (/usr/local/lib/node_modules/npm/node_modules/npm-registry-client/lib/request.js:172:14)
40 verbose stack     at Request.self.callback (/usr/local/lib/node_modules/npm/node_modules/request/request.js:200:22)
40 verbose stack     at emitTwo (events.js:106:13)
40 verbose stack     at Request.emit (events.js:191:7)
40 verbose stack     at Request.<anonymous> (/usr/local/lib/node_modules/npm/node_modules/request/request.js:1067:10)
40 verbose stack     at emitOne (events.js:101:20)
40 verbose stack     at Request.emit (events.js:188:7)
40 verbose stack     at IncomingMessage.<anonymous> (/usr/local/lib/node_modules/npm/node_modules/request/request.js:988:12)
41 verbose statusCode 403
42 verbose pkgid browser-networking
43 verbose cwd /Users/jessedegger/Documents/projects/browser-networking
44 error Darwin 15.6.0
45 error argv "/usr/local/bin/node" "/usr/local/bin/npm" "publish" "./"
46 error node v6.7.0
47 error npm  v3.10.3
48 error code E403
49 error "You cannot publish over the previously published version 0.1.0." : browser-networking
50 error If you need help, you may report this error at:
50 error     <https://github.com/npm/npm/issues>
51 verbose exit [ 1, true ]
